[debug] [2023-06-15T19:53:34.059Z] ----------------------------------------------------------------------
[debug] [2023-06-15T19:53:34.060Z] Command:       Z:\Node js\node.exe C:\Users\Cimi\AppData\Roaming\npm\node_modules\firebase-tools\lib\bin\firebase.js init hosting
[debug] [2023-06-15T19:53:34.061Z] CLI Version:   12.3.1
[debug] [2023-06-15T19:53:34.061Z] Platform:      win32
[debug] [2023-06-15T19:53:34.061Z] Node Version:  v18.16.0
[debug] [2023-06-15T19:53:34.062Z] Time:          Thu Jun 15 2023 16:53:34 GMT-0300 (Argentina Standard Time)
[debug] [2023-06-15T19:53:34.062Z] ----------------------------------------------------------------------
[debug] 
[debug] [2023-06-15T19:53:34.067Z] > command requires scopes: ["email","openid","https://www.googleapis.com/auth/cloudplatformprojects.readonly","https://www.googleapis.com/auth/firebase","https://www.googleapis.com/auth/cloud-platform"]
[debug] [2023-06-15T19:53:34.068Z] > authorizing via signed-in user (cimminomaximo@gmail.com)
[info] 
     ######## #### ########  ######## ########     ###     ######  ########
     ##        ##  ##     ## ##       ##     ##  ##   ##  ##       ##
     ######    ##  ########  ######   ########  #########  ######  ######
     ##        ##  ##    ##  ##       ##     ## ##     ##       ## ##
     ##       #### ##     ## ######## ########  ##     ##  ######  ########

You're about to initialize a Firebase project in this directory:

  C:\Users\Cimi\Desktop\Arquitectura Web\TPintegrador

[info] 
=== Project Setup
[info] 
[info] First, let's associate this project directory with a Firebase project.
[info] You can create multiple project aliases by running firebase use --add, 
[info] but for now we'll just set up a default project.
[info] 
[debug] [2023-06-15T19:53:50.419Z] >>> [apiv2][query] GET https://firebase.googleapis.com/v1beta1/projects pageSize=100
[debug] [2023-06-15T19:53:51.065Z] <<< [apiv2][status] GET https://firebase.googleapis.com/v1beta1/projects 200
[debug] [2023-06-15T19:53:51.065Z] <<< [apiv2][body] GET https://firebase.googleapis.com/v1beta1/projects [omitted]
[info] i  Using project tp-integrador-maximo-cimmino (Tp integrador Maximo Cimmino) 
[info] 
=== Hosting Setup
[info] 
[info] Your public directory is the folder (relative to your project directory) that
[info] will contain Hosting assets to be uploaded with firebase deploy. If you
[info] have a build process for your assets, use your build's output directory.
[info] 
[debug] [2023-06-15T19:54:26.648Z] >>> [apiv2][query] GET https://www.gstatic.com/firebasejs/releases.json [none]
[debug] [2023-06-15T19:54:26.740Z] <<< [apiv2][status] GET https://www.gstatic.com/firebasejs/releases.json 200
[debug] [2023-06-15T19:54:26.740Z] <<< [apiv2][body] GET https://www.gstatic.com/firebasejs/releases.json {"current":{"version":"9.22.2","browserURL":"https://www.gstatic.com/firebasejs/9.22.2/firebase.js","packageURL":"https://www.gstatic.com/firebasejs/9.22.2/firebase.tgz"},"live":{"version":"9.22","browserURL":"https://www.gstatic.com/firebasejs/live/9.22/firebase.js","packageURL":"https://www.gstatic.com/firebasejs/live/9.22/firebase.tgz"},"components":{"analytics":"https://www.gstatic.com/firebasejs/9.22.2/firebase-analytics.js","app":"https://www.gstatic.com/firebasejs/9.22.2/firebase-app.js","app-check":"https://www.gstatic.com/firebasejs/9.22.2/firebase-app-check.js","auth":"https://www.gstatic.com/firebasejs/9.22.2/firebase-auth.js","auth/cordova":"https://www.gstatic.com/firebasejs/9.22.2/firebase-auth/cordova.js","auth/react-native":"https://www.gstatic.com/firebasejs/9.22.2/firebase-auth/react-native.js","functions":"https://www.gstatic.com/firebasejs/9.22.2/firebase-functions.js","firestore":"https://www.gstatic.com/firebasejs/9.22.2/firebase-firestore.js","firestore/lite":"https://www.gstatic.com/firebasejs/9.22.2/firebase-firestore/lite.js","installations":"https://www.gstatic.com/firebasejs/9.22.2/firebase-installations.js","storage":"https://www.gstatic.com/firebasejs/9.22.2/firebase-storage.js","performance":"https://www.gstatic.com/firebasejs/9.22.2/firebase-performance.js","remote-config":"https://www.gstatic.com/firebasejs/9.22.2/firebase-remote-config.js","messaging":"https://www.gstatic.com/firebasejs/9.22.2/firebase-messaging.js","messaging/sw":"https://www.gstatic.com/firebasejs/9.22.2/firebase-messaging/sw.js","database":"https://www.gstatic.com/firebasejs/9.22.2/firebase-database.js","firestore.memory":"https://www.gstatic.com/firebasejs/9.22.2/firebase-firestore.memory.js"}}
[info] +  Wrote (public)/index.html 
[info] 
[info] i  Didn't detect a .git folder. Assuming C:\Users\Cimi\Desktop\Arquitectura Web\TPintegrador is the project root. 
[info] i  Authorizing with GitHub to upload your service account to a GitHub repository's secrets store. 
[info] 
[info] Visit this URL on this device to log in:
[info] https://github.com/login/oauth/authorize?client_id=89cf50f02ac6aaed3484&state=691507314&redirect_uri=http%3A%2F%2Flocalhost%3A9005&scope=read%3Auser%20repo%20public_repo
[info] 
[info] Waiting for authentication...
[debug] [2023-06-15T19:56:14.615Z] >>> [apiv2][query] POST https://github.com/login/oauth/access_token [none]
[debug] [2023-06-15T19:56:14.615Z] >>> [apiv2][body] POST https://github.com/login/oauth/access_token [stream]
[debug] [2023-06-15T19:56:14.988Z] <<< [apiv2][status] POST https://github.com/login/oauth/access_token 200
[debug] [2023-06-15T19:56:14.988Z] <<< [apiv2][body] POST https://github.com/login/oauth/access_token {"access_token":"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","token_type":"bearer","scope":"read:user,repo"}
[debug] [2023-06-15T19:56:14.998Z] >>> [apiv2][query] GET https://api.github.com/user [none]
[debug] [2023-06-15T19:56:15.403Z] <<< [apiv2][status] GET https://api.github.com/user 200
[debug] [2023-06-15T19:56:15.403Z] <<< [apiv2][body] GET https://api.github.com/user {"login":"MaximoCimminoUP","id":136753419,"node_id":"U_kgDOCCaxCw","avatar_url":"https://avatars.githubusercontent.com/u/136753419?v=4","gravatar_id":"","url":"https://api.github.com/users/MaximoCimminoUP","html_url":"https://github.com/MaximoCimminoUP","followers_url":"https://api.github.com/users/MaximoCimminoUP/followers","following_url":"https://api.github.com/users/MaximoCimminoUP/following{/other_user}","gists_url":"https://api.github.com/users/MaximoCimminoUP/gists{/gist_id}","starred_url":"https://api.github.com/users/MaximoCimminoUP/starred{/owner}{/repo}","subscriptions_url":"https://api.github.com/users/MaximoCimminoUP/subscriptions","organizations_url":"https://api.github.com/users/MaximoCimminoUP/orgs","repos_url":"https://api.github.com/users/MaximoCimminoUP/repos","events_url":"https://api.github.com/users/MaximoCimminoUP/events{/privacy}","received_events_url":"https://api.github.com/users/MaximoCimminoUP/received_events","type":"User","site_admin":false,"name":null,"company":null,"blog":"","location":null,"email":null,"hireable":null,"bio":null,"twitter_username":null,"public_repos":0,"public_gists":0,"followers":0,"following":0,"created_at":"2023-06-15T19:55:55Z","updated_at":"2023-06-15T19:55:55Z","private_gists":0,"total_private_repos":0,"owned_private_repos":0,"disk_usage":0,"collaborators":0,"two_factor_authentication":false,"plan":{"name":"free","space":976562499,"collaborators":0,"private_repos":10000}}
[info] 
[info] +  Success! Logged into GitHub as MaximoCimminoUP 
[info] 
